CRITICAL - 2024-12-26 00:25:07 --> ParseError: syntax error, unexpected token "{"
[Method: GET, Route: selectores]
in APPPATH\Controllers\Cbiblioteca.php on line 194.
 1 SYSTEMPATH\Autoloader\Autoloader.php(296): CodeIgniter\Autoloader\Autoloader->includeFile('C:\\xampp\\htdocs\\biblioteca\\app\\Controllers\\Cbiblioteca.php')
 2 SYSTEMPATH\Autoloader\Autoloader.php(272): CodeIgniter\Autoloader\Autoloader->loadInNamespace('App\\Controllers\\Cbiblioteca')
 3 [internal function]: CodeIgniter\Autoloader\Autoloader->loadClass('App\\Controllers\\Cbiblioteca')
 4 SYSTEMPATH\CodeIgniter.php(887): class_exists('\\App\\Controllers\\Cbiblioteca', true)
 5 SYSTEMPATH\CodeIgniter.php(496): CodeIgniter\CodeIgniter->startController()
 6 SYSTEMPATH\CodeIgniter.php(355): CodeIgniter\CodeIgniter->handleRequest(null, Object(Config\Cache), false)
 7 SYSTEMPATH\Boot.php(325): CodeIgniter\CodeIgniter->run()
 8 SYSTEMPATH\Boot.php(67): CodeIgniter\Boot::runCodeIgniter(Object(CodeIgniter\CodeIgniter))
 9 FCPATH\index.php(56): CodeIgniter\Boot::bootWeb(Object(Config\Paths))
CRITICAL - 2024-12-26 00:25:31 --> ParseError: syntax error, unexpected token "isset", expecting "("
[Method: GET, Route: selectores]
in APPPATH\Controllers\Cbiblioteca.php on line 194.
 1 SYSTEMPATH\Autoloader\Autoloader.php(296): CodeIgniter\Autoloader\Autoloader->includeFile('C:\\xampp\\htdocs\\biblioteca\\app\\Controllers\\Cbiblioteca.php')
 2 SYSTEMPATH\Autoloader\Autoloader.php(272): CodeIgniter\Autoloader\Autoloader->loadInNamespace('App\\Controllers\\Cbiblioteca')
 3 [internal function]: CodeIgniter\Autoloader\Autoloader->loadClass('App\\Controllers\\Cbiblioteca')
 4 SYSTEMPATH\CodeIgniter.php(887): class_exists('\\App\\Controllers\\Cbiblioteca', true)
 5 SYSTEMPATH\CodeIgniter.php(496): CodeIgniter\CodeIgniter->startController()
 6 SYSTEMPATH\CodeIgniter.php(355): CodeIgniter\CodeIgniter->handleRequest(null, Object(Config\Cache), false)
 7 SYSTEMPATH\Boot.php(325): CodeIgniter\CodeIgniter->run()
 8 SYSTEMPATH\Boot.php(67): CodeIgniter\Boot::runCodeIgniter(Object(CodeIgniter\CodeIgniter))
 9 FCPATH\index.php(56): CodeIgniter\Boot::bootWeb(Object(Config\Paths))
CRITICAL - 2024-12-26 00:28:19 --> ErrorException: Can't use function return value in write context
[Method: GET, Route: selectores]
in APPPATH\Views\vistas-biblioteca\selectores.php on line 17.
 1 [internal function]: CodeIgniter\Debug\Exceptions->shutdownHandler()
CRITICAL - 2024-12-26 00:34:52 --> ParseError: Unclosed '[' does not match ')'
[Method: POST, Route: selectores]
in APPPATH\Controllers\Cbiblioteca.php on line 201.
 1 SYSTEMPATH\Autoloader\Autoloader.php(296): CodeIgniter\Autoloader\Autoloader->includeFile('C:\\xampp\\htdocs\\biblioteca\\app\\Controllers\\Cbiblioteca.php')
 2 SYSTEMPATH\Autoloader\Autoloader.php(272): CodeIgniter\Autoloader\Autoloader->loadInNamespace('App\\Controllers\\Cbiblioteca')
 3 [internal function]: CodeIgniter\Autoloader\Autoloader->loadClass('App\\Controllers\\Cbiblioteca')
 4 SYSTEMPATH\CodeIgniter.php(887): class_exists('\\App\\Controllers\\Cbiblioteca', true)
 5 SYSTEMPATH\CodeIgniter.php(496): CodeIgniter\CodeIgniter->startController()
 6 SYSTEMPATH\CodeIgniter.php(355): CodeIgniter\CodeIgniter->handleRequest(null, Object(Config\Cache), false)
 7 SYSTEMPATH\Boot.php(325): CodeIgniter\CodeIgniter->run()
 8 SYSTEMPATH\Boot.php(67): CodeIgniter\Boot::runCodeIgniter(Object(CodeIgniter\CodeIgniter))
 9 FCPATH\index.php(56): CodeIgniter\Boot::bootWeb(Object(Config\Paths))
CRITICAL - 2024-12-26 00:36:47 --> ParseError: syntax error, unexpected token ";"
[Method: POST, Route: selectores]
in APPPATH\Views\vistas-biblioteca\selectores.php on line 17.
 1 SYSTEMPATH\View\View.php(237): CodeIgniter\View\View->CodeIgniter\View\{closure}()
 2 SYSTEMPATH\Common.php(1171): CodeIgniter\View\View->render('vistas-biblioteca/selectores', [], true)
 3 APPPATH\Controllers\Cbiblioteca.php(203): view('vistas-biblioteca/selectores')
 4 SYSTEMPATH\CodeIgniter.php(933): App\Controllers\Cbiblioteca->selector()
 5 SYSTEMPATH\CodeIgniter.php(509): CodeIgniter\CodeIgniter->runController(Object(App\Controllers\Cbiblioteca))
 6 SYSTEMPATH\CodeIgniter.php(355): CodeIgniter\CodeIgniter->handleRequest(null, Object(Config\Cache), false)
 7 SYSTEMPATH\Boot.php(325): CodeIgniter\CodeIgniter->run()
 8 SYSTEMPATH\Boot.php(67): CodeIgniter\Boot::runCodeIgniter(Object(CodeIgniter\CodeIgniter))
 9 FCPATH\index.php(56): CodeIgniter\Boot::bootWeb(Object(Config\Paths))
CRITICAL - 2024-12-26 01:24:58 --> ErrorException: include(selectores): Failed to open stream: No such file or directory
[Method: POST, Route: guardar]
in APPPATH\Views\vistas-biblioteca\guardar.php on line 14.
 1 APPPATH\Views\vistas-biblioteca\guardar.php(14): CodeIgniter\Debug\Exceptions->errorHandler(2, 'include(selectores): Failed to open stream: No such file or directory', 'C:\\xampp\\htdocs\\biblioteca\\app\\Views\\vistas-biblioteca\\guardar.php', 14)
 2 APPPATH\Views\vistas-biblioteca\guardar.php(14): include()
 3 SYSTEMPATH\View\View.php(234): include('C:\\xampp\\htdocs\\biblioteca\\app\\Views\\vistas-biblioteca\\guardar.php')
 4 SYSTEMPATH\View\View.php(237): CodeIgniter\View\View->CodeIgniter\View\{closure}()
 5 SYSTEMPATH\Common.php(1171): CodeIgniter\View\View->render('vistas-biblioteca/guardar', [], true)
 6 APPPATH\Controllers\Cbiblioteca.php(205): view('vistas-biblioteca/guardar', [...])
 7 SYSTEMPATH\CodeIgniter.php(933): App\Controllers\Cbiblioteca->selector()
 8 SYSTEMPATH\CodeIgniter.php(509): CodeIgniter\CodeIgniter->runController(Object(App\Controllers\Cbiblioteca))
 9 SYSTEMPATH\CodeIgniter.php(355): CodeIgniter\CodeIgniter->handleRequest(null, Object(Config\Cache), false)
10 SYSTEMPATH\Boot.php(325): CodeIgniter\CodeIgniter->run()
11 SYSTEMPATH\Boot.php(67): CodeIgniter\Boot::runCodeIgniter(Object(CodeIgniter\CodeIgniter))
12 FCPATH\index.php(56): CodeIgniter\Boot::bootWeb(Object(Config\Paths))
CRITICAL - 2024-12-26 03:22:09 --> ErrorException: Undefined variable $status
[Method: POST, Route: guardar]
in APPPATH\Controllers\Cbiblioteca.php on line 201.
 1 APPPATH\Controllers\Cbiblioteca.php(201): CodeIgniter\Debug\Exceptions->errorHandler(2, 'Undefined variable $status', 'C:\\xampp\\htdocs\\biblioteca\\app\\Controllers\\Cbiblioteca.php', 201)
 2 SYSTEMPATH\CodeIgniter.php(933): App\Controllers\Cbiblioteca->selector()
 3 SYSTEMPATH\CodeIgniter.php(509): CodeIgniter\CodeIgniter->runController(Object(App\Controllers\Cbiblioteca))
 4 SYSTEMPATH\CodeIgniter.php(355): CodeIgniter\CodeIgniter->handleRequest(null, Object(Config\Cache), false)
 5 SYSTEMPATH\Boot.php(325): CodeIgniter\CodeIgniter->run()
 6 SYSTEMPATH\Boot.php(67): CodeIgniter\Boot::runCodeIgniter(Object(CodeIgniter\CodeIgniter))
 7 FCPATH\index.php(56): CodeIgniter\Boot::bootWeb(Object(Config\Paths))
CRITICAL - 2024-12-26 03:49:59 --> ParseError: Unclosed '{' on line 171
[Method: POST, Route: guardar]
in APPPATH\Views\vistas-biblioteca\selectores.php on line 201.
 1 SYSTEMPATH\View\View.php(234): include()
 2 SYSTEMPATH\View\View.php(237): CodeIgniter\View\View->CodeIgniter\View\{closure}()
 3 SYSTEMPATH\Common.php(1171): CodeIgniter\View\View->render('vistas-biblioteca/guardar', [], true)
 4 APPPATH\Controllers\Cbiblioteca.php(214): view('vistas-biblioteca/guardar', [...])
 5 SYSTEMPATH\CodeIgniter.php(933): App\Controllers\Cbiblioteca->selector()
 6 SYSTEMPATH\CodeIgniter.php(509): CodeIgniter\CodeIgniter->runController(Object(App\Controllers\Cbiblioteca))
 7 SYSTEMPATH\CodeIgniter.php(355): CodeIgniter\CodeIgniter->handleRequest(null, Object(Config\Cache), false)
 8 SYSTEMPATH\Boot.php(325): CodeIgniter\CodeIgniter->run()
 9 SYSTEMPATH\Boot.php(67): CodeIgniter\Boot::runCodeIgniter(Object(CodeIgniter\CodeIgniter))
10 FCPATH\index.php(56): CodeIgniter\Boot::bootWeb(Object(Config\Paths))
CRITICAL - 2024-12-26 04:06:13 --> ErrorException: Undefined variable $selectores
[Method: GET, Route: guardar]
in APPPATH\Views\vistas-biblioteca\guardar.php on line 15.
 1 APPPATH\Views\vistas-biblioteca\guardar.php(15): CodeIgniter\Debug\Exceptions->errorHandler(2, 'Undefined variable $selectores', 'C:\\xampp\\htdocs\\biblioteca\\app\\Views\\vistas-biblioteca\\guardar.php', 15)
 2 SYSTEMPATH\View\View.php(234): include('C:\\xampp\\htdocs\\biblioteca\\app\\Views\\vistas-biblioteca\\guardar.php')
 3 SYSTEMPATH\View\View.php(237): CodeIgniter\View\View->CodeIgniter\View\{closure}()
 4 SYSTEMPATH\Common.php(1171): CodeIgniter\View\View->render('vistas-biblioteca/guardar', [], true)
 5 APPPATH\Controllers\Cbiblioteca.php(150): view('vistas-biblioteca/guardar', [...])
 6 SYSTEMPATH\CodeIgniter.php(933): App\Controllers\Cbiblioteca->guardar()
 7 SYSTEMPATH\CodeIgniter.php(509): CodeIgniter\CodeIgniter->runController(Object(App\Controllers\Cbiblioteca))
 8 SYSTEMPATH\CodeIgniter.php(355): CodeIgniter\CodeIgniter->handleRequest(null, Object(Config\Cache), false)
 9 SYSTEMPATH\Boot.php(325): CodeIgniter\CodeIgniter->run()
10 SYSTEMPATH\Boot.php(67): CodeIgniter\Boot::runCodeIgniter(Object(CodeIgniter\CodeIgniter))
11 FCPATH\index.php(56): CodeIgniter\Boot::bootWeb(Object(Config\Paths))
CRITICAL - 2024-12-26 04:08:07 --> ErrorException: Undefined variable $selectores
[Method: GET, Route: guardar]
in APPPATH\Views\vistas-biblioteca\guardar.php on line 16.
 1 APPPATH\Views\vistas-biblioteca\guardar.php(16): CodeIgniter\Debug\Exceptions->errorHandler(2, 'Undefined variable $selectores', 'C:\\xampp\\htdocs\\biblioteca\\app\\Views\\vistas-biblioteca\\guardar.php', 16)
 2 SYSTEMPATH\View\View.php(234): include('C:\\xampp\\htdocs\\biblioteca\\app\\Views\\vistas-biblioteca\\guardar.php')
 3 SYSTEMPATH\View\View.php(237): CodeIgniter\View\View->CodeIgniter\View\{closure}()
 4 SYSTEMPATH\Common.php(1171): CodeIgniter\View\View->render('vistas-biblioteca/guardar', [], true)
 5 APPPATH\Controllers\Cbiblioteca.php(150): view('vistas-biblioteca/guardar', [...])
 6 SYSTEMPATH\CodeIgniter.php(933): App\Controllers\Cbiblioteca->guardar()
 7 SYSTEMPATH\CodeIgniter.php(509): CodeIgniter\CodeIgniter->runController(Object(App\Controllers\Cbiblioteca))
 8 SYSTEMPATH\CodeIgniter.php(355): CodeIgniter\CodeIgniter->handleRequest(null, Object(Config\Cache), false)
 9 SYSTEMPATH\Boot.php(325): CodeIgniter\CodeIgniter->run()
10 SYSTEMPATH\Boot.php(67): CodeIgniter\Boot::runCodeIgniter(Object(CodeIgniter\CodeIgniter))
11 FCPATH\index.php(56): CodeIgniter\Boot::bootWeb(Object(Config\Paths))
CRITICAL - 2024-12-26 04:08:10 --> ErrorException: Undefined variable $selectores
[Method: GET, Route: guardar]
in APPPATH\Views\vistas-biblioteca\guardar.php on line 16.
 1 APPPATH\Views\vistas-biblioteca\guardar.php(16): CodeIgniter\Debug\Exceptions->errorHandler(2, 'Undefined variable $selectores', 'C:\\xampp\\htdocs\\biblioteca\\app\\Views\\vistas-biblioteca\\guardar.php', 16)
 2 SYSTEMPATH\View\View.php(234): include('C:\\xampp\\htdocs\\biblioteca\\app\\Views\\vistas-biblioteca\\guardar.php')
 3 SYSTEMPATH\View\View.php(237): CodeIgniter\View\View->CodeIgniter\View\{closure}()
 4 SYSTEMPATH\Common.php(1171): CodeIgniter\View\View->render('vistas-biblioteca/guardar', [], true)
 5 APPPATH\Controllers\Cbiblioteca.php(150): view('vistas-biblioteca/guardar', [...])
 6 SYSTEMPATH\CodeIgniter.php(933): App\Controllers\Cbiblioteca->guardar()
 7 SYSTEMPATH\CodeIgniter.php(509): CodeIgniter\CodeIgniter->runController(Object(App\Controllers\Cbiblioteca))
 8 SYSTEMPATH\CodeIgniter.php(355): CodeIgniter\CodeIgniter->handleRequest(null, Object(Config\Cache), false)
 9 SYSTEMPATH\Boot.php(325): CodeIgniter\CodeIgniter->run()
10 SYSTEMPATH\Boot.php(67): CodeIgniter\Boot::runCodeIgniter(Object(CodeIgniter\CodeIgniter))
11 FCPATH\index.php(56): CodeIgniter\Boot::bootWeb(Object(Config\Paths))
CRITICAL - 2024-12-26 04:09:17 --> ErrorException: Undefined variable $selectores
[Method: GET, Route: guardar]
in APPPATH\Views\vistas-biblioteca\guardar.php on line 16.
 1 APPPATH\Views\vistas-biblioteca\guardar.php(16): CodeIgniter\Debug\Exceptions->errorHandler(2, 'Undefined variable $selectores', 'C:\\xampp\\htdocs\\biblioteca\\app\\Views\\vistas-biblioteca\\guardar.php', 16)
 2 SYSTEMPATH\View\View.php(234): include('C:\\xampp\\htdocs\\biblioteca\\app\\Views\\vistas-biblioteca\\guardar.php')
 3 SYSTEMPATH\View\View.php(237): CodeIgniter\View\View->CodeIgniter\View\{closure}()
 4 SYSTEMPATH\Common.php(1171): CodeIgniter\View\View->render('vistas-biblioteca/guardar', [], true)
 5 APPPATH\Controllers\Cbiblioteca.php(150): view('vistas-biblioteca/guardar', [...])
 6 SYSTEMPATH\CodeIgniter.php(933): App\Controllers\Cbiblioteca->guardar()
 7 SYSTEMPATH\CodeIgniter.php(509): CodeIgniter\CodeIgniter->runController(Object(App\Controllers\Cbiblioteca))
 8 SYSTEMPATH\CodeIgniter.php(355): CodeIgniter\CodeIgniter->handleRequest(null, Object(Config\Cache), false)
 9 SYSTEMPATH\Boot.php(325): CodeIgniter\CodeIgniter->run()
10 SYSTEMPATH\Boot.php(67): CodeIgniter\Boot::runCodeIgniter(Object(CodeIgniter\CodeIgniter))
11 FCPATH\index.php(56): CodeIgniter\Boot::bootWeb(Object(Config\Paths))
CRITICAL - 2024-12-26 04:09:46 --> ErrorException: Undefined variable $selectores
[Method: GET, Route: guardar]
in APPPATH\Views\vistas-biblioteca\guardar.php on line 16.
 1 APPPATH\Views\vistas-biblioteca\guardar.php(16): CodeIgniter\Debug\Exceptions->errorHandler(2, 'Undefined variable $selectores', 'C:\\xampp\\htdocs\\biblioteca\\app\\Views\\vistas-biblioteca\\guardar.php', 16)
 2 SYSTEMPATH\View\View.php(234): include('C:\\xampp\\htdocs\\biblioteca\\app\\Views\\vistas-biblioteca\\guardar.php')
 3 SYSTEMPATH\View\View.php(237): CodeIgniter\View\View->CodeIgniter\View\{closure}()
 4 SYSTEMPATH\Common.php(1171): CodeIgniter\View\View->render('vistas-biblioteca/guardar', [], true)
 5 APPPATH\Controllers\Cbiblioteca.php(150): view('vistas-biblioteca/guardar', [...])
 6 SYSTEMPATH\CodeIgniter.php(933): App\Controllers\Cbiblioteca->guardar()
 7 SYSTEMPATH\CodeIgniter.php(509): CodeIgniter\CodeIgniter->runController(Object(App\Controllers\Cbiblioteca))
 8 SYSTEMPATH\CodeIgniter.php(355): CodeIgniter\CodeIgniter->handleRequest(null, Object(Config\Cache), false)
 9 SYSTEMPATH\Boot.php(325): CodeIgniter\CodeIgniter->run()
10 SYSTEMPATH\Boot.php(67): CodeIgniter\Boot::runCodeIgniter(Object(CodeIgniter\CodeIgniter))
11 FCPATH\index.php(56): CodeIgniter\Boot::bootWeb(Object(Config\Paths))
CRITICAL - 2024-12-26 04:09:49 --> ErrorException: Undefined variable $selectores
[Method: GET, Route: guardar]
in APPPATH\Views\vistas-biblioteca\guardar.php on line 16.
 1 APPPATH\Views\vistas-biblioteca\guardar.php(16): CodeIgniter\Debug\Exceptions->errorHandler(2, 'Undefined variable $selectores', 'C:\\xampp\\htdocs\\biblioteca\\app\\Views\\vistas-biblioteca\\guardar.php', 16)
 2 SYSTEMPATH\View\View.php(234): include('C:\\xampp\\htdocs\\biblioteca\\app\\Views\\vistas-biblioteca\\guardar.php')
 3 SYSTEMPATH\View\View.php(237): CodeIgniter\View\View->CodeIgniter\View\{closure}()
 4 SYSTEMPATH\Common.php(1171): CodeIgniter\View\View->render('vistas-biblioteca/guardar', [], true)
 5 APPPATH\Controllers\Cbiblioteca.php(150): view('vistas-biblioteca/guardar', [...])
 6 SYSTEMPATH\CodeIgniter.php(933): App\Controllers\Cbiblioteca->guardar()
 7 SYSTEMPATH\CodeIgniter.php(509): CodeIgniter\CodeIgniter->runController(Object(App\Controllers\Cbiblioteca))
 8 SYSTEMPATH\CodeIgniter.php(355): CodeIgniter\CodeIgniter->handleRequest(null, Object(Config\Cache), false)
 9 SYSTEMPATH\Boot.php(325): CodeIgniter\CodeIgniter->run()
10 SYSTEMPATH\Boot.php(67): CodeIgniter\Boot::runCodeIgniter(Object(CodeIgniter\CodeIgniter))
11 FCPATH\index.php(56): CodeIgniter\Boot::bootWeb(Object(Config\Paths))
CRITICAL - 2024-12-26 04:10:28 --> ErrorException: Undefined variable $select
[Method: GET, Route: guardar]
in APPPATH\Views\vistas-biblioteca\guardar.php on line 16.
 1 APPPATH\Views\vistas-biblioteca\guardar.php(16): CodeIgniter\Debug\Exceptions->errorHandler(2, 'Undefined variable $select', 'C:\\xampp\\htdocs\\biblioteca\\app\\Views\\vistas-biblioteca\\guardar.php', 16)
 2 SYSTEMPATH\View\View.php(234): include('C:\\xampp\\htdocs\\biblioteca\\app\\Views\\vistas-biblioteca\\guardar.php')
 3 SYSTEMPATH\View\View.php(237): CodeIgniter\View\View->CodeIgniter\View\{closure}()
 4 SYSTEMPATH\Common.php(1171): CodeIgniter\View\View->render('vistas-biblioteca/guardar', [], true)
 5 APPPATH\Controllers\Cbiblioteca.php(150): view('vistas-biblioteca/guardar', [...])
 6 SYSTEMPATH\CodeIgniter.php(933): App\Controllers\Cbiblioteca->guardar()
 7 SYSTEMPATH\CodeIgniter.php(509): CodeIgniter\CodeIgniter->runController(Object(App\Controllers\Cbiblioteca))
 8 SYSTEMPATH\CodeIgniter.php(355): CodeIgniter\CodeIgniter->handleRequest(null, Object(Config\Cache), false)
 9 SYSTEMPATH\Boot.php(325): CodeIgniter\CodeIgniter->run()
10 SYSTEMPATH\Boot.php(67): CodeIgniter\Boot::runCodeIgniter(Object(CodeIgniter\CodeIgniter))
11 FCPATH\index.php(56): CodeIgniter\Boot::bootWeb(Object(Config\Paths))
CRITICAL - 2024-12-26 04:10:29 --> ErrorException: Undefined variable $select
[Method: GET, Route: guardar]
in APPPATH\Views\vistas-biblioteca\guardar.php on line 16.
 1 APPPATH\Views\vistas-biblioteca\guardar.php(16): CodeIgniter\Debug\Exceptions->errorHandler(2, 'Undefined variable $select', 'C:\\xampp\\htdocs\\biblioteca\\app\\Views\\vistas-biblioteca\\guardar.php', 16)
 2 SYSTEMPATH\View\View.php(234): include('C:\\xampp\\htdocs\\biblioteca\\app\\Views\\vistas-biblioteca\\guardar.php')
 3 SYSTEMPATH\View\View.php(237): CodeIgniter\View\View->CodeIgniter\View\{closure}()
 4 SYSTEMPATH\Common.php(1171): CodeIgniter\View\View->render('vistas-biblioteca/guardar', [], true)
 5 APPPATH\Controllers\Cbiblioteca.php(150): view('vistas-biblioteca/guardar', [...])
 6 SYSTEMPATH\CodeIgniter.php(933): App\Controllers\Cbiblioteca->guardar()
 7 SYSTEMPATH\CodeIgniter.php(509): CodeIgniter\CodeIgniter->runController(Object(App\Controllers\Cbiblioteca))
 8 SYSTEMPATH\CodeIgniter.php(355): CodeIgniter\CodeIgniter->handleRequest(null, Object(Config\Cache), false)
 9 SYSTEMPATH\Boot.php(325): CodeIgniter\CodeIgniter->run()
10 SYSTEMPATH\Boot.php(67): CodeIgniter\Boot::runCodeIgniter(Object(CodeIgniter\CodeIgniter))
11 FCPATH\index.php(56): CodeIgniter\Boot::bootWeb(Object(Config\Paths))
ERROR - 2024-12-26 06:08:36 --> Error connecting to the database: mysqli_sql_exception: No connection could be made because the target machine actively refused it in C:\xampp\htdocs\biblioteca\system\Database\MySQLi\Connection.php:186
Stack trace:
#0 C:\xampp\htdocs\biblioteca\system\Database\MySQLi\Connection.php(186): mysqli->real_connect('localhost', 'root', Object(SensitiveParameterValue), 'bdbv', 3306, '', 0)
#1 C:\xampp\htdocs\biblioteca\system\Database\BaseConnection.php(421): CodeIgniter\Database\MySQLi\Connection->connect(false)
#2 C:\xampp\htdocs\biblioteca\system\Database\BaseConnection.php(616): CodeIgniter\Database\BaseConnection->initialize()
#3 C:\xampp\htdocs\biblioteca\system\Database\BaseBuilder.php(1644): CodeIgniter\Database\BaseConnection->query('SELECT *\nFROM `...', Array, false)
#4 C:\xampp\htdocs\biblioteca\app\Models\RegistroLogin.php(14): CodeIgniter\Database\BaseBuilder->get()
#5 C:\xampp\htdocs\biblioteca\app\Controllers\Cbiblioteca.php(110): App\Models\RegistroLogin->obtenerUsuario(Array)
#6 C:\xampp\htdocs\biblioteca\system\CodeIgniter.php(933): App\Controllers\Cbiblioteca->login()
#7 C:\xampp\htdocs\biblioteca\system\CodeIgniter.php(509): CodeIgniter\CodeIgniter->runController(Object(App\Controllers\Cbiblioteca))
#8 C:\xampp\htdocs\biblioteca\system\CodeIgniter.php(355): CodeIgniter\CodeIgniter->handleRequest(NULL, Object(Config\Cache), false)
#9 C:\xampp\htdocs\biblioteca\system\Boot.php(325): CodeIgniter\CodeIgniter->run()
#10 C:\xampp\htdocs\biblioteca\system\Boot.php(67): CodeIgniter\Boot::runCodeIgniter(Object(CodeIgniter\CodeIgniter))
#11 C:\xampp\htdocs\biblioteca\public\index.php(56): CodeIgniter\Boot::bootWeb(Object(Config\Paths))
#12 {main}

Next CodeIgniter\Database\Exceptions\DatabaseException: No connection could be made because the target machine actively refused it in C:\xampp\htdocs\biblioteca\system\Database\MySQLi\Connection.php:231
Stack trace:
#0 C:\xampp\htdocs\biblioteca\system\Database\BaseConnection.php(421): CodeIgniter\Database\MySQLi\Connection->connect(false)
#1 C:\xampp\htdocs\biblioteca\system\Database\BaseConnection.php(616): CodeIgniter\Database\BaseConnection->initialize()
#2 C:\xampp\htdocs\biblioteca\system\Database\BaseBuilder.php(1644): CodeIgniter\Database\BaseConnection->query('SELECT *\nFROM `...', Array, false)
#3 C:\xampp\htdocs\biblioteca\app\Models\RegistroLogin.php(14): CodeIgniter\Database\BaseBuilder->get()
#4 C:\xampp\htdocs\biblioteca\app\Controllers\Cbiblioteca.php(110): App\Models\RegistroLogin->obtenerUsuario(Array)
#5 C:\xampp\htdocs\biblioteca\system\CodeIgniter.php(933): App\Controllers\Cbiblioteca->login()
#6 C:\xampp\htdocs\biblioteca\system\CodeIgniter.php(509): CodeIgniter\CodeIgniter->runController(Object(App\Controllers\Cbiblioteca))
#7 C:\xampp\htdocs\biblioteca\system\CodeIgniter.php(355): CodeIgniter\CodeIgniter->handleRequest(NULL, Object(Config\Cache), false)
#8 C:\xampp\htdocs\biblioteca\system\Boot.php(325): CodeIgniter\CodeIgniter->run()
#9 C:\xampp\htdocs\biblioteca\system\Boot.php(67): CodeIgniter\Boot::runCodeIgniter(Object(CodeIgniter\CodeIgniter))
#10 C:\xampp\htdocs\biblioteca\public\index.php(56): CodeIgniter\Boot::bootWeb(Object(Config\Paths))
#11 {main}
CRITICAL - 2024-12-26 06:08:36 --> CodeIgniter\Database\Exceptions\DatabaseException: Unable to connect to the database.
Main connection [MySQLi]: No connection could be made because the target machine actively refused it
[Method: POST, Route: login]
in SYSTEMPATH\Database\BaseConnection.php on line 467.
 1 SYSTEMPATH\Database\BaseConnection.php(616): CodeIgniter\Database\BaseConnection->initialize()
 2 SYSTEMPATH\Database\BaseBuilder.php(1644): CodeIgniter\Database\BaseConnection->query('SELECT *
FROM `login`
WHERE `correo` = :correo:', [...], false)
 3 APPPATH\Models\RegistroLogin.php(14): CodeIgniter\Database\BaseBuilder->get()
 4 APPPATH\Controllers\Cbiblioteca.php(110): App\Models\RegistroLogin->obtenerUsuario([...])
 5 SYSTEMPATH\CodeIgniter.php(933): App\Controllers\Cbiblioteca->login()
 6 SYSTEMPATH\CodeIgniter.php(509): CodeIgniter\CodeIgniter->runController(Object(App\Controllers\Cbiblioteca))
 7 SYSTEMPATH\CodeIgniter.php(355): CodeIgniter\CodeIgniter->handleRequest(null, Object(Config\Cache), false)
 8 SYSTEMPATH\Boot.php(325): CodeIgniter\CodeIgniter->run()
 9 SYSTEMPATH\Boot.php(67): CodeIgniter\Boot::runCodeIgniter(Object(CodeIgniter\CodeIgniter))
10 FCPATH\index.php(56): CodeIgniter\Boot::bootWeb(Object(Config\Paths))
CRITICAL - 2024-12-26 06:09:07 --> ErrorException: Undefined variable $select
[Method: GET, Route: guardar]
in APPPATH\Views\vistas-biblioteca\guardar.php on line 16.
 1 APPPATH\Views\vistas-biblioteca\guardar.php(16): CodeIgniter\Debug\Exceptions->errorHandler(2, 'Undefined variable $select', 'C:\\xampp\\htdocs\\biblioteca\\app\\Views\\vistas-biblioteca\\guardar.php', 16)
 2 SYSTEMPATH\View\View.php(234): include('C:\\xampp\\htdocs\\biblioteca\\app\\Views\\vistas-biblioteca\\guardar.php')
 3 SYSTEMPATH\View\View.php(237): CodeIgniter\View\View->CodeIgniter\View\{closure}()
 4 SYSTEMPATH\Common.php(1171): CodeIgniter\View\View->render('vistas-biblioteca/guardar', [], true)
 5 APPPATH\Controllers\Cbiblioteca.php(150): view('vistas-biblioteca/guardar', [...])
 6 SYSTEMPATH\CodeIgniter.php(933): App\Controllers\Cbiblioteca->guardar()
 7 SYSTEMPATH\CodeIgniter.php(509): CodeIgniter\CodeIgniter->runController(Object(App\Controllers\Cbiblioteca))
 8 SYSTEMPATH\CodeIgniter.php(355): CodeIgniter\CodeIgniter->handleRequest(null, Object(Config\Cache), false)
 9 SYSTEMPATH\Boot.php(325): CodeIgniter\CodeIgniter->run()
10 SYSTEMPATH\Boot.php(67): CodeIgniter\Boot::runCodeIgniter(Object(CodeIgniter\CodeIgniter))
11 FCPATH\index.php(56): CodeIgniter\Boot::bootWeb(Object(Config\Paths))
CRITICAL - 2024-12-26 07:46:34 --> ParseError: syntax error, unexpected variable "$guardar"
[Method: POST, Route: guardar]
in APPPATH\Controllers\Cbiblioteca.php on line 211.
 1 SYSTEMPATH\Autoloader\Autoloader.php(296): CodeIgniter\Autoloader\Autoloader->includeFile('C:\\xampp\\htdocs\\biblioteca\\app\\Controllers\\Cbiblioteca.php')
 2 SYSTEMPATH\Autoloader\Autoloader.php(272): CodeIgniter\Autoloader\Autoloader->loadInNamespace('App\\Controllers\\Cbiblioteca')
 3 [internal function]: CodeIgniter\Autoloader\Autoloader->loadClass('App\\Controllers\\Cbiblioteca')
 4 SYSTEMPATH\CodeIgniter.php(887): class_exists('\\App\\Controllers\\Cbiblioteca', true)
 5 SYSTEMPATH\CodeIgniter.php(496): CodeIgniter\CodeIgniter->startController()
 6 SYSTEMPATH\CodeIgniter.php(355): CodeIgniter\CodeIgniter->handleRequest(null, Object(Config\Cache), false)
 7 SYSTEMPATH\Boot.php(325): CodeIgniter\CodeIgniter->run()
 8 SYSTEMPATH\Boot.php(67): CodeIgniter\Boot::runCodeIgniter(Object(CodeIgniter\CodeIgniter))
 9 FCPATH\index.php(56): CodeIgniter\Boot::bootWeb(Object(Config\Paths))
